<?xml version="1.0" encoding="UTF-8"?>
<testsuite xmlns:xsi="http://www.w3.org/2001/XMLSchema-instance"
           xsi:noNamespaceSchemaLocation="https://maven.apache.org/surefire/maven-surefire-plugin/xsd/surefire-test-report.xsd"
           name="com.lingjian.spring_boot.SpringBoot02QuickStartApplicationTests" time="2.319" tests="2" errors="0"
           skipped="0" failures="0">
    <properties>
        <property name="gopherProxySet" value="false"/>
        <property name="awt.toolkit" value="sun.lwawt.macosx.LWCToolkit"/>
        <property name="java.specification.version" value="11"/>
        <property name="sun.cpu.isalist" value=""/>
        <property name="sun.jnu.encoding" value="UTF-8"/>
        <property name="java.class.path"
                  value="/Users/lingjian/Desktop/JAVA框架资料/JAVA框架案例/SpringBoot/02_quick_start/target/test-classes:/Users/lingjian/Desktop/JAVA框架资料/JAVA框架案例/SpringBoot/02_quick_start/target/classes:/Users/lingjian/Desktop/apache_maven/repository/org/springframework/boot/spring-boot-starter-web/2.2.5.RELEASE/spring-boot-starter-web-2.2.5.RELEASE.jar:/Users/lingjian/Desktop/apache_maven/repository/org/springframework/boot/spring-boot-starter/2.2.5.RELEASE/spring-boot-starter-2.2.5.RELEASE.jar:/Users/lingjian/Desktop/apache_maven/repository/org/springframework/boot/spring-boot/2.2.5.RELEASE/spring-boot-2.2.5.RELEASE.jar:/Users/lingjian/Desktop/apache_maven/repository/org/springframework/boot/spring-boot-autoconfigure/2.2.5.RELEASE/spring-boot-autoconfigure-2.2.5.RELEASE.jar:/Users/lingjian/Desktop/apache_maven/repository/org/springframework/boot/spring-boot-starter-logging/2.2.5.RELEASE/spring-boot-starter-logging-2.2.5.RELEASE.jar:/Users/lingjian/Desktop/apache_maven/repository/ch/qos/logback/logback-classic/1.2.3/logback-classic-1.2.3.jar:/Users/lingjian/Desktop/apache_maven/repository/ch/qos/logback/logback-core/1.2.3/logback-core-1.2.3.jar:/Users/lingjian/Desktop/apache_maven/repository/org/apache/logging/log4j/log4j-to-slf4j/2.12.1/log4j-to-slf4j-2.12.1.jar:/Users/lingjian/Desktop/apache_maven/repository/org/apache/logging/log4j/log4j-api/2.12.1/log4j-api-2.12.1.jar:/Users/lingjian/Desktop/apache_maven/repository/org/slf4j/jul-to-slf4j/1.7.30/jul-to-slf4j-1.7.30.jar:/Users/lingjian/Desktop/apache_maven/repository/jakarta/annotation/jakarta.annotation-api/1.3.5/jakarta.annotation-api-1.3.5.jar:/Users/lingjian/Desktop/apache_maven/repository/org/yaml/snakeyaml/1.25/snakeyaml-1.25.jar:/Users/lingjian/Desktop/apache_maven/repository/org/springframework/boot/spring-boot-starter-json/2.2.5.RELEASE/spring-boot-starter-json-2.2.5.RELEASE.jar:/Users/lingjian/Desktop/apache_maven/repository/com/fasterxml/jackson/core/jackson-databind/2.10.2/jackson-databind-2.10.2.jar:/Users/lingjian/Desktop/apache_maven/repository/com/fasterxml/jackson/core/jackson-annotations/2.10.2/jackson-annotations-2.10.2.jar:/Users/lingjian/Desktop/apache_maven/repository/com/fasterxml/jackson/core/jackson-core/2.10.2/jackson-core-2.10.2.jar:/Users/lingjian/Desktop/apache_maven/repository/com/fasterxml/jackson/datatype/jackson-datatype-jdk8/2.10.2/jackson-datatype-jdk8-2.10.2.jar:/Users/lingjian/Desktop/apache_maven/repository/com/fasterxml/jackson/datatype/jackson-datatype-jsr310/2.10.2/jackson-datatype-jsr310-2.10.2.jar:/Users/lingjian/Desktop/apache_maven/repository/com/fasterxml/jackson/module/jackson-module-parameter-names/2.10.2/jackson-module-parameter-names-2.10.2.jar:/Users/lingjian/Desktop/apache_maven/repository/org/springframework/boot/spring-boot-starter-tomcat/2.2.5.RELEASE/spring-boot-starter-tomcat-2.2.5.RELEASE.jar:/Users/lingjian/Desktop/apache_maven/repository/org/apache/tomcat/embed/tomcat-embed-core/9.0.31/tomcat-embed-core-9.0.31.jar:/Users/lingjian/Desktop/apache_maven/repository/org/apache/tomcat/embed/tomcat-embed-el/9.0.31/tomcat-embed-el-9.0.31.jar:/Users/lingjian/Desktop/apache_maven/repository/org/apache/tomcat/embed/tomcat-embed-websocket/9.0.31/tomcat-embed-websocket-9.0.31.jar:/Users/lingjian/Desktop/apache_maven/repository/org/springframework/boot/spring-boot-starter-validation/2.2.5.RELEASE/spring-boot-starter-validation-2.2.5.RELEASE.jar:/Users/lingjian/Desktop/apache_maven/repository/jakarta/validation/jakarta.validation-api/2.0.2/jakarta.validation-api-2.0.2.jar:/Users/lingjian/Desktop/apache_maven/repository/org/hibernate/validator/hibernate-validator/6.0.18.Final/hibernate-validator-6.0.18.Final.jar:/Users/lingjian/Desktop/apache_maven/repository/org/jboss/logging/jboss-logging/3.4.1.Final/jboss-logging-3.4.1.Final.jar:/Users/lingjian/Desktop/apache_maven/repository/com/fasterxml/classmate/1.5.1/classmate-1.5.1.jar:/Users/lingjian/Desktop/apache_maven/repository/org/springframework/spring-web/5.2.4.RELEASE/spring-web-5.2.4.RELEASE.jar:/Users/lingjian/Desktop/apache_maven/repository/org/springframework/spring-beans/5.2.4.RELEASE/spring-beans-5.2.4.RELEASE.jar:/Users/lingjian/Desktop/apache_maven/repository/org/springframework/spring-webmvc/5.2.4.RELEASE/spring-webmvc-5.2.4.RELEASE.jar:/Users/lingjian/Desktop/apache_maven/repository/org/springframework/spring-aop/5.2.4.RELEASE/spring-aop-5.2.4.RELEASE.jar:/Users/lingjian/Desktop/apache_maven/repository/org/springframework/spring-context/5.2.4.RELEASE/spring-context-5.2.4.RELEASE.jar:/Users/lingjian/Desktop/apache_maven/repository/org/springframework/spring-expression/5.2.4.RELEASE/spring-expression-5.2.4.RELEASE.jar:/Users/lingjian/Desktop/apache_maven/repository/org/springframework/boot/spring-boot-configuration-processor/2.2.5.RELEASE/spring-boot-configuration-processor-2.2.5.RELEASE.jar:/Users/lingjian/Desktop/apache_maven/repository/org/springframework/boot/spring-boot-starter-test/2.2.5.RELEASE/spring-boot-starter-test-2.2.5.RELEASE.jar:/Users/lingjian/Desktop/apache_maven/repository/org/springframework/boot/spring-boot-test/2.2.5.RELEASE/spring-boot-test-2.2.5.RELEASE.jar:/Users/lingjian/Desktop/apache_maven/repository/org/springframework/boot/spring-boot-test-autoconfigure/2.2.5.RELEASE/spring-boot-test-autoconfigure-2.2.5.RELEASE.jar:/Users/lingjian/Desktop/apache_maven/repository/com/jayway/jsonpath/json-path/2.4.0/json-path-2.4.0.jar:/Users/lingjian/Desktop/apache_maven/repository/net/minidev/json-smart/2.3/json-smart-2.3.jar:/Users/lingjian/Desktop/apache_maven/repository/net/minidev/accessors-smart/1.2/accessors-smart-1.2.jar:/Users/lingjian/Desktop/apache_maven/repository/org/ow2/asm/asm/5.0.4/asm-5.0.4.jar:/Users/lingjian/Desktop/apache_maven/repository/org/slf4j/slf4j-api/1.7.30/slf4j-api-1.7.30.jar:/Users/lingjian/Desktop/apache_maven/repository/jakarta/xml/bind/jakarta.xml.bind-api/2.3.2/jakarta.xml.bind-api-2.3.2.jar:/Users/lingjian/Desktop/apache_maven/repository/jakarta/activation/jakarta.activation-api/1.2.2/jakarta.activation-api-1.2.2.jar:/Users/lingjian/Desktop/apache_maven/repository/org/junit/jupiter/junit-jupiter/5.5.2/junit-jupiter-5.5.2.jar:/Users/lingjian/Desktop/apache_maven/repository/org/junit/jupiter/junit-jupiter-api/5.5.2/junit-jupiter-api-5.5.2.jar:/Users/lingjian/Desktop/apache_maven/repository/org/apiguardian/apiguardian-api/1.1.0/apiguardian-api-1.1.0.jar:/Users/lingjian/Desktop/apache_maven/repository/org/opentest4j/opentest4j/1.2.0/opentest4j-1.2.0.jar:/Users/lingjian/Desktop/apache_maven/repository/org/junit/platform/junit-platform-commons/1.5.2/junit-platform-commons-1.5.2.jar:/Users/lingjian/Desktop/apache_maven/repository/org/junit/jupiter/junit-jupiter-params/5.5.2/junit-jupiter-params-5.5.2.jar:/Users/lingjian/Desktop/apache_maven/repository/org/junit/jupiter/junit-jupiter-engine/5.5.2/junit-jupiter-engine-5.5.2.jar:/Users/lingjian/Desktop/apache_maven/repository/org/junit/platform/junit-platform-engine/1.5.2/junit-platform-engine-1.5.2.jar:/Users/lingjian/Desktop/apache_maven/repository/org/mockito/mockito-junit-jupiter/3.1.0/mockito-junit-jupiter-3.1.0.jar:/Users/lingjian/Desktop/apache_maven/repository/org/assertj/assertj-core/3.13.2/assertj-core-3.13.2.jar:/Users/lingjian/Desktop/apache_maven/repository/org/hamcrest/hamcrest/2.1/hamcrest-2.1.jar:/Users/lingjian/Desktop/apache_maven/repository/org/mockito/mockito-core/3.1.0/mockito-core-3.1.0.jar:/Users/lingjian/Desktop/apache_maven/repository/net/bytebuddy/byte-buddy/1.10.8/byte-buddy-1.10.8.jar:/Users/lingjian/Desktop/apache_maven/repository/net/bytebuddy/byte-buddy-agent/1.10.8/byte-buddy-agent-1.10.8.jar:/Users/lingjian/Desktop/apache_maven/repository/org/objenesis/objenesis/2.6/objenesis-2.6.jar:/Users/lingjian/Desktop/apache_maven/repository/org/skyscreamer/jsonassert/1.5.0/jsonassert-1.5.0.jar:/Users/lingjian/Desktop/apache_maven/repository/com/vaadin/external/google/android-json/0.0.20131108.vaadin1/android-json-0.0.20131108.vaadin1.jar:/Users/lingjian/Desktop/apache_maven/repository/org/springframework/spring-core/5.2.4.RELEASE/spring-core-5.2.4.RELEASE.jar:/Users/lingjian/Desktop/apache_maven/repository/org/springframework/spring-jcl/5.2.4.RELEASE/spring-jcl-5.2.4.RELEASE.jar:/Users/lingjian/Desktop/apache_maven/repository/org/springframework/spring-test/5.2.4.RELEASE/spring-test-5.2.4.RELEASE.jar:/Users/lingjian/Desktop/apache_maven/repository/org/xmlunit/xmlunit-core/2.6.3/xmlunit-core-2.6.3.jar:"/>
        <property name="java.vm.vendor" value="Oracle Corporation"/>
        <property name="sun.arch.data.model" value="64"/>
        <property name="java.vendor.url" value="http://java.oracle.com/"/>
        <property name="user.timezone" value=""/>
        <property name="java.vm.specification.version" value="11"/>
        <property name="os.name" value="Mac OS X"/>
        <property name="sun.java.launcher" value="SUN_STANDARD"/>
        <property name="user.country" value="CN"/>
        <property name="sun.boot.library.path"
                  value="/Library/Java/JavaVirtualMachines/jdk-11.0.1.jdk/Contents/Home/lib"/>
        <property name="sun.java.command"
                  value="/Users/lingjian/Desktop/JAVA框架资料/JAVA框架案例/SpringBoot/02_quick_start/target/surefire/surefirebooter5708526164249128444.jar /Users/lingjian/Desktop/JAVA框架资料/JAVA框架案例/SpringBoot/02_quick_start/target/surefire 2020-03-17T16-55-52_441-jvmRun1 surefire9846489922787120790tmp surefire_06616797713460026188tmp"/>
        <property name="jdk.debug" value="release"/>
        <property name="surefire.test.class.path"
                  value="/Users/lingjian/Desktop/JAVA框架资料/JAVA框架案例/SpringBoot/02_quick_start/target/test-classes:/Users/lingjian/Desktop/JAVA框架资料/JAVA框架案例/SpringBoot/02_quick_start/target/classes:/Users/lingjian/Desktop/apache_maven/repository/org/springframework/boot/spring-boot-starter-web/2.2.5.RELEASE/spring-boot-starter-web-2.2.5.RELEASE.jar:/Users/lingjian/Desktop/apache_maven/repository/org/springframework/boot/spring-boot-starter/2.2.5.RELEASE/spring-boot-starter-2.2.5.RELEASE.jar:/Users/lingjian/Desktop/apache_maven/repository/org/springframework/boot/spring-boot/2.2.5.RELEASE/spring-boot-2.2.5.RELEASE.jar:/Users/lingjian/Desktop/apache_maven/repository/org/springframework/boot/spring-boot-autoconfigure/2.2.5.RELEASE/spring-boot-autoconfigure-2.2.5.RELEASE.jar:/Users/lingjian/Desktop/apache_maven/repository/org/springframework/boot/spring-boot-starter-logging/2.2.5.RELEASE/spring-boot-starter-logging-2.2.5.RELEASE.jar:/Users/lingjian/Desktop/apache_maven/repository/ch/qos/logback/logback-classic/1.2.3/logback-classic-1.2.3.jar:/Users/lingjian/Desktop/apache_maven/repository/ch/qos/logback/logback-core/1.2.3/logback-core-1.2.3.jar:/Users/lingjian/Desktop/apache_maven/repository/org/apache/logging/log4j/log4j-to-slf4j/2.12.1/log4j-to-slf4j-2.12.1.jar:/Users/lingjian/Desktop/apache_maven/repository/org/apache/logging/log4j/log4j-api/2.12.1/log4j-api-2.12.1.jar:/Users/lingjian/Desktop/apache_maven/repository/org/slf4j/jul-to-slf4j/1.7.30/jul-to-slf4j-1.7.30.jar:/Users/lingjian/Desktop/apache_maven/repository/jakarta/annotation/jakarta.annotation-api/1.3.5/jakarta.annotation-api-1.3.5.jar:/Users/lingjian/Desktop/apache_maven/repository/org/yaml/snakeyaml/1.25/snakeyaml-1.25.jar:/Users/lingjian/Desktop/apache_maven/repository/org/springframework/boot/spring-boot-starter-json/2.2.5.RELEASE/spring-boot-starter-json-2.2.5.RELEASE.jar:/Users/lingjian/Desktop/apache_maven/repository/com/fasterxml/jackson/core/jackson-databind/2.10.2/jackson-databind-2.10.2.jar:/Users/lingjian/Desktop/apache_maven/repository/com/fasterxml/jackson/core/jackson-annotations/2.10.2/jackson-annotations-2.10.2.jar:/Users/lingjian/Desktop/apache_maven/repository/com/fasterxml/jackson/core/jackson-core/2.10.2/jackson-core-2.10.2.jar:/Users/lingjian/Desktop/apache_maven/repository/com/fasterxml/jackson/datatype/jackson-datatype-jdk8/2.10.2/jackson-datatype-jdk8-2.10.2.jar:/Users/lingjian/Desktop/apache_maven/repository/com/fasterxml/jackson/datatype/jackson-datatype-jsr310/2.10.2/jackson-datatype-jsr310-2.10.2.jar:/Users/lingjian/Desktop/apache_maven/repository/com/fasterxml/jackson/module/jackson-module-parameter-names/2.10.2/jackson-module-parameter-names-2.10.2.jar:/Users/lingjian/Desktop/apache_maven/repository/org/springframework/boot/spring-boot-starter-tomcat/2.2.5.RELEASE/spring-boot-starter-tomcat-2.2.5.RELEASE.jar:/Users/lingjian/Desktop/apache_maven/repository/org/apache/tomcat/embed/tomcat-embed-core/9.0.31/tomcat-embed-core-9.0.31.jar:/Users/lingjian/Desktop/apache_maven/repository/org/apache/tomcat/embed/tomcat-embed-el/9.0.31/tomcat-embed-el-9.0.31.jar:/Users/lingjian/Desktop/apache_maven/repository/org/apache/tomcat/embed/tomcat-embed-websocket/9.0.31/tomcat-embed-websocket-9.0.31.jar:/Users/lingjian/Desktop/apache_maven/repository/org/springframework/boot/spring-boot-starter-validation/2.2.5.RELEASE/spring-boot-starter-validation-2.2.5.RELEASE.jar:/Users/lingjian/Desktop/apache_maven/repository/jakarta/validation/jakarta.validation-api/2.0.2/jakarta.validation-api-2.0.2.jar:/Users/lingjian/Desktop/apache_maven/repository/org/hibernate/validator/hibernate-validator/6.0.18.Final/hibernate-validator-6.0.18.Final.jar:/Users/lingjian/Desktop/apache_maven/repository/org/jboss/logging/jboss-logging/3.4.1.Final/jboss-logging-3.4.1.Final.jar:/Users/lingjian/Desktop/apache_maven/repository/com/fasterxml/classmate/1.5.1/classmate-1.5.1.jar:/Users/lingjian/Desktop/apache_maven/repository/org/springframework/spring-web/5.2.4.RELEASE/spring-web-5.2.4.RELEASE.jar:/Users/lingjian/Desktop/apache_maven/repository/org/springframework/spring-beans/5.2.4.RELEASE/spring-beans-5.2.4.RELEASE.jar:/Users/lingjian/Desktop/apache_maven/repository/org/springframework/spring-webmvc/5.2.4.RELEASE/spring-webmvc-5.2.4.RELEASE.jar:/Users/lingjian/Desktop/apache_maven/repository/org/springframework/spring-aop/5.2.4.RELEASE/spring-aop-5.2.4.RELEASE.jar:/Users/lingjian/Desktop/apache_maven/repository/org/springframework/spring-context/5.2.4.RELEASE/spring-context-5.2.4.RELEASE.jar:/Users/lingjian/Desktop/apache_maven/repository/org/springframework/spring-expression/5.2.4.RELEASE/spring-expression-5.2.4.RELEASE.jar:/Users/lingjian/Desktop/apache_maven/repository/org/springframework/boot/spring-boot-configuration-processor/2.2.5.RELEASE/spring-boot-configuration-processor-2.2.5.RELEASE.jar:/Users/lingjian/Desktop/apache_maven/repository/org/springframework/boot/spring-boot-starter-test/2.2.5.RELEASE/spring-boot-starter-test-2.2.5.RELEASE.jar:/Users/lingjian/Desktop/apache_maven/repository/org/springframework/boot/spring-boot-test/2.2.5.RELEASE/spring-boot-test-2.2.5.RELEASE.jar:/Users/lingjian/Desktop/apache_maven/repository/org/springframework/boot/spring-boot-test-autoconfigure/2.2.5.RELEASE/spring-boot-test-autoconfigure-2.2.5.RELEASE.jar:/Users/lingjian/Desktop/apache_maven/repository/com/jayway/jsonpath/json-path/2.4.0/json-path-2.4.0.jar:/Users/lingjian/Desktop/apache_maven/repository/net/minidev/json-smart/2.3/json-smart-2.3.jar:/Users/lingjian/Desktop/apache_maven/repository/net/minidev/accessors-smart/1.2/accessors-smart-1.2.jar:/Users/lingjian/Desktop/apache_maven/repository/org/ow2/asm/asm/5.0.4/asm-5.0.4.jar:/Users/lingjian/Desktop/apache_maven/repository/org/slf4j/slf4j-api/1.7.30/slf4j-api-1.7.30.jar:/Users/lingjian/Desktop/apache_maven/repository/jakarta/xml/bind/jakarta.xml.bind-api/2.3.2/jakarta.xml.bind-api-2.3.2.jar:/Users/lingjian/Desktop/apache_maven/repository/jakarta/activation/jakarta.activation-api/1.2.2/jakarta.activation-api-1.2.2.jar:/Users/lingjian/Desktop/apache_maven/repository/org/junit/jupiter/junit-jupiter/5.5.2/junit-jupiter-5.5.2.jar:/Users/lingjian/Desktop/apache_maven/repository/org/junit/jupiter/junit-jupiter-api/5.5.2/junit-jupiter-api-5.5.2.jar:/Users/lingjian/Desktop/apache_maven/repository/org/apiguardian/apiguardian-api/1.1.0/apiguardian-api-1.1.0.jar:/Users/lingjian/Desktop/apache_maven/repository/org/opentest4j/opentest4j/1.2.0/opentest4j-1.2.0.jar:/Users/lingjian/Desktop/apache_maven/repository/org/junit/platform/junit-platform-commons/1.5.2/junit-platform-commons-1.5.2.jar:/Users/lingjian/Desktop/apache_maven/repository/org/junit/jupiter/junit-jupiter-params/5.5.2/junit-jupiter-params-5.5.2.jar:/Users/lingjian/Desktop/apache_maven/repository/org/junit/jupiter/junit-jupiter-engine/5.5.2/junit-jupiter-engine-5.5.2.jar:/Users/lingjian/Desktop/apache_maven/repository/org/junit/platform/junit-platform-engine/1.5.2/junit-platform-engine-1.5.2.jar:/Users/lingjian/Desktop/apache_maven/repository/org/mockito/mockito-junit-jupiter/3.1.0/mockito-junit-jupiter-3.1.0.jar:/Users/lingjian/Desktop/apache_maven/repository/org/assertj/assertj-core/3.13.2/assertj-core-3.13.2.jar:/Users/lingjian/Desktop/apache_maven/repository/org/hamcrest/hamcrest/2.1/hamcrest-2.1.jar:/Users/lingjian/Desktop/apache_maven/repository/org/mockito/mockito-core/3.1.0/mockito-core-3.1.0.jar:/Users/lingjian/Desktop/apache_maven/repository/net/bytebuddy/byte-buddy/1.10.8/byte-buddy-1.10.8.jar:/Users/lingjian/Desktop/apache_maven/repository/net/bytebuddy/byte-buddy-agent/1.10.8/byte-buddy-agent-1.10.8.jar:/Users/lingjian/Desktop/apache_maven/repository/org/objenesis/objenesis/2.6/objenesis-2.6.jar:/Users/lingjian/Desktop/apache_maven/repository/org/skyscreamer/jsonassert/1.5.0/jsonassert-1.5.0.jar:/Users/lingjian/Desktop/apache_maven/repository/com/vaadin/external/google/android-json/0.0.20131108.vaadin1/android-json-0.0.20131108.vaadin1.jar:/Users/lingjian/Desktop/apache_maven/repository/org/springframework/spring-core/5.2.4.RELEASE/spring-core-5.2.4.RELEASE.jar:/Users/lingjian/Desktop/apache_maven/repository/org/springframework/spring-jcl/5.2.4.RELEASE/spring-jcl-5.2.4.RELEASE.jar:/Users/lingjian/Desktop/apache_maven/repository/org/springframework/spring-test/5.2.4.RELEASE/spring-test-5.2.4.RELEASE.jar:/Users/lingjian/Desktop/apache_maven/repository/org/xmlunit/xmlunit-core/2.6.3/xmlunit-core-2.6.3.jar:"/>
        <property name="sun.cpu.endian" value="little"/>
        <property name="user.home" value="/Users/lingjian"/>
        <property name="user.language" value="zh"/>
        <property name="java.specification.vendor" value="Oracle Corporation"/>
        <property name="java.version.date" value="2018-10-16"/>
        <property name="java.home" value="/Library/Java/JavaVirtualMachines/jdk-11.0.1.jdk/Contents/Home"/>
        <property name="file.separator" value="/"/>
        <property name="basedir" value="/Users/lingjian/Desktop/JAVA框架资料/JAVA框架案例/SpringBoot/02_quick_start"/>
        <property name="java.vm.compressedOopsMode" value="Zero based"/>
        <property name="line.separator" value="&#10;"/>
        <property name="java.specification.name" value="Java Platform API Specification"/>
        <property name="java.vm.specification.vendor" value="Oracle Corporation"/>
        <property name="java.awt.graphicsenv" value="sun.awt.CGraphicsEnvironment"/>
        <property name="surefire.real.class.path"
                  value="/Users/lingjian/Desktop/JAVA框架资料/JAVA框架案例/SpringBoot/02_quick_start/target/surefire/surefirebooter5708526164249128444.jar"/>
        <property name="user.script" value="Hans"/>
        <property name="sun.management.compiler" value="HotSpot 64-Bit Tiered Compilers"/>
        <property name="java.runtime.version" value="11.0.1+13-LTS"/>
        <property name="user.name" value="lingjian"/>
        <property name="path.separator" value=":"/>
        <property name="os.version" value="10.15.3"/>
        <property name="java.runtime.name" value="Java(TM) SE Runtime Environment"/>
        <property name="file.encoding" value="UTF-8"/>
        <property name="java.vm.name" value="Java HotSpot(TM) 64-Bit Server VM"/>
        <property name="java.vendor.version" value="18.9"/>
        <property name="localRepository" value="/Users/lingjian/Desktop/apache_maven/repository"/>
        <property name="java.vendor.url.bug" value="http://bugreport.java.com/bugreport/"/>
        <property name="java.io.tmpdir" value="/var/folders/xj/_y3j7f0n5kq36374tbdmxhxh0000gn/T/"/>
        <property name="java.version" value="11.0.1"/>
        <property name="user.dir" value="/Users/lingjian/Desktop/JAVA框架资料/JAVA框架案例/SpringBoot/02_quick_start"/>
        <property name="os.arch" value="x86_64"/>
        <property name="java.vm.specification.name" value="Java Virtual Machine Specification"/>
        <property name="java.awt.printerjob" value="sun.lwawt.macosx.CPrinterJob"/>
        <property name="sun.os.patch.level" value="unknown"/>
        <property name="idea.version2019.3.3" value="true"/>
        <property name="java.library.path"
                  value="/Users/lingjian/Library/Java/Extensions:/Library/Java/Extensions:/Network/Library/Java/Extensions:/System/Library/Java/Extensions:/usr/lib/java:."/>
        <property name="java.vendor" value="Oracle Corporation"/>
        <property name="java.vm.info" value="mixed mode"/>
        <property name="java.vm.version" value="11.0.1+13-LTS"/>
        <property name="sun.io.unicode.encoding" value="UnicodeBig"/>
        <property name="maven.repo.local" value="/Users/lingjian/Desktop/apache_maven/repository"/>
        <property name="java.class.version" value="55.0"/>
    </properties>
    <testcase name="testHelloService" classname="com.lingjian.spring_boot.SpringBoot02QuickStartApplicationTests"
              time="0.34"/>
    <testcase name="contextLoads" classname="com.lingjian.spring_boot.SpringBoot02QuickStartApplicationTests"
              time="0.009"/>
</testsuite>